<?xml version="1.0" encoding="UTF-8"?>
<!-- Generated by org.testng.reporters.JUnitXMLReporter -->
<testsuite ignored="0" hostname="DESKTOP-L5S1BFV" failures="0" tests="4" name="Default test" time="13.706" errors="0" timestamp="2020-04-23T06:38:15 IST">
  <testcase classname="assignment1.Scenario3" name="deleteUser" time="5.086"/>
  <testcase classname="assignment1.Scenario2" name="updateUser" time="3.699"/>
  <testcase classname="assignment1.Scenario1" name="createNewUser" time="2.07"/>
  <testcase classname="assignment1.Scenario1" name="getUserInformation" time="1.332"/>
</testsuite> <!-- Default test -->
